[35m[Appium][39m Welcome to Appium v1.20.2
[35m[Appium][39m Non-default server args:
[35m[Appium][39m   port: 59657
[35m[Appium][39m   loglevel: info
[35m[Appium][39m   tmpDir: C:\Users\JOHNKE~1\AppData\Local\Temp\\Katalon\Appium\Temp1621360446801
[35m[Appium][39m   chromedriverPort: 59658
[35m[Appium][39m Deprecated server args:
[35m[Appium][39m   [31m--chromedriver-port[39m => --default-capabilities
[35m[Appium][39m Default capabilities, which will be added to each request unless overridden by desired capabilities:
[35m[Appium][39m   chromedriverPort: 59658
[35m[Appium][39m Appium REST http interface listener started on 0.0.0.0:59657
[35m[HTTP][39m [37m-->[39m [37mGET[39m [37m/wd/hub/status[39m
[35m[HTTP][39m [90m{}[39m
[35m[HTTP][39m [37m<-- GET /wd/hub/status [39m[32m200[39m [90m10 ms - 68[39m
[35m[HTTP][39m [90m[39m
[35m[HTTP][39m [37m-->[39m [37mGET[39m [37m/wd/hub/status[39m
[35m[HTTP][39m [90m{}[39m
[35m[HTTP][39m [37m<-- GET /wd/hub/status [39m[32m200[39m [90m2 ms - 68[39m
[35m[HTTP][39m [90m[39m
[35m[HTTP][39m [37m-->[39m [37mPOST[39m [37m/wd/hub/session[39m
[35m[HTTP][39m [90m{"desiredCapabilities":{"app":"C:\\Users\\John Kelvin\\Desktop\\app-arm64-v8a-release.apk","noReset":true,"deviceId":"060403712G006230","deviceName":"TECNO MOBILE LIMITED TECNO KD7 (Android 10)","fullReset":false,"platform":"ANDROID","newCommandTimeout":1800,"platformVersion":"10","automationName":"UIAutomator1","autoGrantPermissions":true,"platformName":"Android","udid":"060403712G006230","systemPort":59664},"capabilities":{"firstMatch":[{"appium:app":"C:\\Users\\John Kelvin\\Desktop\\app-arm64-v8a-release.apk","appium:autoGrantPermissions":true,"appium:automationName":"UIAutomator1","deviceId":"060403712G006230","appium:deviceName":"TECNO MOBILE LIMITED TECNO KD7 (Android 10)","appium:fullReset":false,"appium:newCommandTimeout":1800,"appium:noReset":true,"platform":"ANDROID","platformName":"android","appium:platformVersion":"10","appium:systemPort":59664,"appium:udid":"060403712G006230"}]}}[39m
[35m[BaseDriver][39m The following capabilities are not standard capabilities and should have an extension prefix:
[35m[BaseDriver][39m   deviceId
[35m[BaseDriver][39m   platform
[35m[BaseDriver][39m   chromedriverPort
[35m[Appium][39m Appium v1.20.2 creating new AndroidDriver (v4.41.1) session
[35m[BaseDriver][39m The following capabilities were provided, but are not recognized by Appium:
[35m[BaseDriver][39m   deviceId
[35m[BaseDriver][39m   platform
[35m[BaseDriver][39m   systemPort
[35m[BaseDriver][39m Session created with session id: e67f645a-7551-46f7-b4f8-a532cf5e9d5a
[35m[ADB][39m Found 1 'build-tools' folders under 'C:\Users\John Kelvin\.katalon\tools\android_sdk' (newest first):
[35m[ADB][39m     C:/Users/John Kelvin/.katalon/tools/android_sdk/build-tools/29.0.3
[35m[ADB][39m Using 'adb.exe' from 'C:\Users\John Kelvin\.katalon\tools\android_sdk\platform-tools\adb.exe'
[35m[AndroidDriver][39m Retrieving device list
[35m[AndroidDriver][39m Using device: 060403712G006230
[35m[ADB][39m Using 'adb.exe' from 'C:\Users\John Kelvin\.katalon\tools\android_sdk\platform-tools\adb.exe'
[35m[ADB][39m Getting device platform version
[35m[AndroidDriver][39m Consider setting 'automationName' capability to 'uiautomator2' on Android >= 6, since UIAutomator framework is not maintained anymore by the OS vendor.
[35m[BaseDriver][39m Using local app 'C:\Users\John Kelvin\Desktop\app-arm64-v8a-release.apk'
[35m[AndroidDriver][39m Starting Android session
[35m[ADB][39m Getting device platform version
[35m[ADB][39m Package name: 'com.bundle.billable_hours_app'
[35m[ADB][39m Main activity name: 'com.bundle.billable_hours_app.MainActivity'
[35m[ADB][39m The application at 'C:\Users\John Kelvin\Desktop\app-arm64-v8a-release.apk' will not be cached, because the device under test has confirmed the support of streamed installs
[35m[ADB][39m The installation of 'app-arm64-v8a-release.apk' took 2221ms
[35m[AndroidDriver][39m Could not get strings, continuing anyway. Original error: Could not find 'aapt2.exe' in ["C:\\Users\\John Kelvin\\.katalon\\tools\\android_sdk\\platform-tools\\aapt2.exe","C:\\Users\\John Kelvin\\.katalon\\tools\\android_sdk\\emulator\\aapt2.exe","C:\\Users\\John Kelvin\\.katalon\\tools\\android_sdk\\cmdline-tools\\latest\\bin\\aapt2.exe","C:\\Users\\John Kelvin\\.katalon\\tools\\android_sdk\\tools\\aapt2.exe","C:\\Users\\John Kelvin\\.katalon\\tools\\android_sdk\\tools\\bin\\aapt2.exe","C:\\Users\\John Kelvin\\.katalon\\tools\\android_sdk\\aapt2.exe","C:\\Users\\John Kelvin\\.katalon\\tools\\android_sdk\\build-tools\\29.0.3\\aapt2.exe","C:\\Users\\John Kelvin\\.katalon\\tools\\android_sdk\\build-tools\\29.0.3\\lib\\aapt2.exe"]. Do you have Android Build Tools installed at 'C:\Users\John Kelvin\.katalon\tools\android_sdk'?
[35m[ADB][39m No 'uiautomator' process has been found
[35m[AndroidBootstrap][39m Android bootstrap socket is now connected
[35m[AndroidDriver][39m Screen already unlocked, doing nothing
[35m[Appium][39m New AndroidDriver session created successfully, session e67f645a-7551-46f7-b4f8-a532cf5e9d5a added to master session list
[35m[HTTP][39m [37m<-- POST /wd/hub/session [39m[32m200[39m [90m8643 ms - 1413[39m
[35m[HTTP][39m [90m[39m
[35m[HTTP][39m [37m-->[39m [37mGET[39m [37m/wd/hub/session/e67f645a-7551-46f7-b4f8-a532cf5e9d5a[39m
[35m[HTTP][39m [90m{}[39m
[35m[HTTP][39m [37m<-- GET /wd/hub/session/e67f645a-7551-46f7-b4f8-a532cf5e9d5a [39m[32m200[39m [90m4 ms - 1345[39m
[35m[HTTP][39m [90m[39m
[35m[HTTP][39m [37m-->[39m [37mGET[39m [37m/wd/hub/session/e67f645a-7551-46f7-b4f8-a532cf5e9d5a[39m
[35m[HTTP][39m [90m{}[39m
[35m[HTTP][39m [37m<-- GET /wd/hub/session/e67f645a-7551-46f7-b4f8-a532cf5e9d5a [39m[32m200[39m [90m3 ms - 1345[39m
[35m[HTTP][39m [90m[39m
[35m[HTTP][39m [37m-->[39m [37mGET[39m [37m/wd/hub/status[39m
[35m[HTTP][39m [90m{}[39m
[35m[HTTP][39m [37m<-- GET /wd/hub/status [39m[32m200[39m [90m2 ms - 68[39m
[35m[HTTP][39m [90m[39m
[35m[HTTP][39m [37m-->[39m [37mPOST[39m [37m/wd/hub/session/e67f645a-7551-46f7-b4f8-a532cf5e9d5a/timeouts[39m
[35m[HTTP][39m [90m{"implicit":60000}[39m
[35m[HTTP][39m [37m<-- POST /wd/hub/session/e67f645a-7551-46f7-b4f8-a532cf5e9d5a/timeouts [39m[32m200[39m [90m4 ms - 14[39m
[35m[HTTP][39m [90m[39m
[35m[HTTP][39m [37m-->[39m [37mGET[39m [37m/wd/hub/session/e67f645a-7551-46f7-b4f8-a532cf5e9d5a/source[39m
[35m[HTTP][39m [90m{}[39m
[35m[HTTP][39m [37m<-- GET /wd/hub/session/e67f645a-7551-46f7-b4f8-a532cf5e9d5a/source [39m[32m200[39m [90m120 ms - 6348[39m
[35m[HTTP][39m [90m[39m
[35m[HTTP][39m [37m-->[39m [37mGET[39m [37m/wd/hub/session/e67f645a-7551-46f7-b4f8-a532cf5e9d5a/screenshot[39m
[35m[HTTP][39m [90m{}[39m
[35m[HTTP][39m [37m<-- GET /wd/hub/session/e67f645a-7551-46f7-b4f8-a532cf5e9d5a/screenshot [39m[32m200[39m [90m1129 ms - 53632[39m
[35m[HTTP][39m [90m[39m
[35m[HTTP][39m [37m-->[39m [37mPOST[39m [37m/wd/hub/session/e67f645a-7551-46f7-b4f8-a532cf5e9d5a/elements[39m
[35m[HTTP][39m [90m{"using":"xpath","value":"//*[@class = 'android.widget.EditText' and @instance = '0' and @resource-id = '' and (@text = '' or . = '')]"}[39m
[35m[HTTP][39m [37m<-- POST /wd/hub/session/e67f645a-7551-46f7-b4f8-a532cf5e9d5a/elements [39m[32m200[39m [90m138 ms - 69[39m
[35m[HTTP][39m [90m[39m
[35m[HTTP][39m [37m-->[39m [37mGET[39m [37m/wd/hub/session/e67f645a-7551-46f7-b4f8-a532cf5e9d5a/window/rect[39m
[35m[HTTP][39m [90m{}[39m
[35m[HTTP][39m [37m<-- GET /wd/hub/session/e67f645a-7551-46f7-b4f8-a532cf5e9d5a/window/rect [39m[32m200[39m [90m49 ms - 49[39m
[35m[HTTP][39m [90m[39m
[35m[HTTP][39m [37m-->[39m [37mPOST[39m [37m/wd/hub/session/e67f645a-7551-46f7-b4f8-a532cf5e9d5a/elements[39m
[35m[HTTP][39m [90m{"using":"xpath","value":"//*[@class = 'android.widget.EditText' and @instance = '0' and @resource-id = '' and (@text = '' or . = '')]"}[39m
[35m[HTTP][39m [37m<-- POST /wd/hub/session/e67f645a-7551-46f7-b4f8-a532cf5e9d5a/elements [39m[32m200[39m [90m105 ms - 69[39m
[35m[HTTP][39m [90m[39m
[35m[HTTP][39m [37m-->[39m [37mGET[39m [37m/wd/hub/session/e67f645a-7551-46f7-b4f8-a532cf5e9d5a/element/2/location[39m
[35m[HTTP][39m [90m{}[39m
[35m[HTTP][39m [37m<-- GET /wd/hub/session/e67f645a-7551-46f7-b4f8-a532cf5e9d5a/element/2/location [39m[32m200[39m [90m17 ms - 26[39m
[35m[HTTP][39m [90m[39m
[35m[HTTP][39m [37m-->[39m [37mPOST[39m [37m/wd/hub/session/e67f645a-7551-46f7-b4f8-a532cf5e9d5a/touch/perform[39m
[35m[HTTP][39m [90m{"actions":[{"action":"tap","options":{"x":1,"y":1,"element":"2"}}]}[39m
[35m[HTTP][39m [37m<-- POST /wd/hub/session/e67f645a-7551-46f7-b4f8-a532cf5e9d5a/touch/perform [39m[32m200[39m [90m174 ms - 14[39m
[35m[HTTP][39m [90m[39m
[35m[HTTP][39m [37m-->[39m [37mGET[39m [37m/wd/hub/session/e67f645a-7551-46f7-b4f8-a532cf5e9d5a/source[39m
[35m[HTTP][39m [90m{}[39m
[35m[HTTP][39m [37m<-- GET /wd/hub/session/e67f645a-7551-46f7-b4f8-a532cf5e9d5a/source [39m[32m200[39m [90m88 ms - 6345[39m
[35m[HTTP][39m [90m[39m
[35m[HTTP][39m [37m-->[39m [37mGET[39m [37m/wd/hub/session/e67f645a-7551-46f7-b4f8-a532cf5e9d5a/screenshot[39m
[35m[HTTP][39m [90m{}[39m
[35m[HTTP][39m [37m<-- GET /wd/hub/session/e67f645a-7551-46f7-b4f8-a532cf5e9d5a/screenshot [39m[32m200[39m [90m1206 ms - 106720[39m
[35m[HTTP][39m [90m[39m
[35m[HTTP][39m [37m-->[39m [37mPOST[39m [37m/wd/hub/session/e67f645a-7551-46f7-b4f8-a532cf5e9d5a/elements[39m
[35m[HTTP][39m [90m{"using":"xpath","value":"//*[@class = 'android.widget.EditText' and @instance = '0' and @resource-id = '' and (@text = '' or . = '')]"}[39m
[35m[HTTP][39m [37m<-- POST /wd/hub/session/e67f645a-7551-46f7-b4f8-a532cf5e9d5a/elements [39m[32m200[39m [90m95 ms - 69[39m
[35m[HTTP][39m [90m[39m
[35m[HTTP][39m [37m-->[39m [37mGET[39m [37m/wd/hub/session/e67f645a-7551-46f7-b4f8-a532cf5e9d5a/window/rect[39m
[35m[HTTP][39m [90m{}[39m
[35m[HTTP][39m [37m<-- GET /wd/hub/session/e67f645a-7551-46f7-b4f8-a532cf5e9d5a/window/rect [39m[32m200[39m [90m26 ms - 49[39m
[35m[HTTP][39m [90m[39m
[35m[HTTP][39m [37m-->[39m [37mPOST[39m [37m/wd/hub/session/e67f645a-7551-46f7-b4f8-a532cf5e9d5a/elements[39m
[35m[HTTP][39m [90m{"using":"xpath","value":"//*[@class = 'android.widget.EditText' and @instance = '0' and @resource-id = '' and (@text = '' or . = '')]"}[39m
[35m[HTTP][39m [37m<-- POST /wd/hub/session/e67f645a-7551-46f7-b4f8-a532cf5e9d5a/elements [39m[32m200[39m [90m106 ms - 69[39m
[35m[HTTP][39m [90m[39m
[35m[HTTP][39m [37m-->[39m [37mGET[39m [37m/wd/hub/session/e67f645a-7551-46f7-b4f8-a532cf5e9d5a/element/4/location[39m
[35m[HTTP][39m [90m{}[39m
[35m[HTTP][39m [37m<-- GET /wd/hub/session/e67f645a-7551-46f7-b4f8-a532cf5e9d5a/element/4/location [39m[32m200[39m [90m18 ms - 26[39m
[35m[HTTP][39m [90m[39m
[35m[HTTP][39m [37m-->[39m [37mPOST[39m [37m/wd/hub/session/e67f645a-7551-46f7-b4f8-a532cf5e9d5a/element/4/clear[39m
[35m[HTTP][39m [90m{"id":"4"}[39m
[35m[HTTP][39m [37m<-- POST /wd/hub/session/e67f645a-7551-46f7-b4f8-a532cf5e9d5a/element/4/clear [39m[32m200[39m [90m6914 ms - 14[39m
[35m[HTTP][39m [90m[39m
[35m[HTTP][39m [37m-->[39m [37mPOST[39m [37m/wd/hub/session/e67f645a-7551-46f7-b4f8-a532cf5e9d5a/element/4/value[39m
[35m[HTTP][39m [90m{"id":"4","text":"https://csvdemomockappp.bundlewallet.com/invoice/parse","value":["h","t","t","p","s",":","/","/","c","s","v","d","e","m","o","m","o","c","k","a","p","p","p",".","b","u","n","d","l","e","w","a","l","l","e","t",".","c","o","m","/","i","n","v","o","i","c","e","/","p","a","r","s","e"]}[39m
[35m[HTTP][39m [37m<-- POST /wd/hub/session/e67f645a-7551-46f7-b4f8-a532cf5e9d5a/element/4/value [39m[32m200[39m [90m7958 ms - 14[39m
[35m[HTTP][39m [90m[39m
[35m[HTTP][39m [37m-->[39m [37mGET[39m [37m/wd/hub/session/e67f645a-7551-46f7-b4f8-a532cf5e9d5a/source[39m
[35m[HTTP][39m [90m{}[39m
[35m[HTTP][39m [37m<-- GET /wd/hub/session/e67f645a-7551-46f7-b4f8-a532cf5e9d5a/source [39m[32m200[39m [90m65 ms - 6386[39m
[35m[HTTP][39m [90m[39m
[35m[HTTP][39m [37m-->[39m [37mGET[39m [37m/wd/hub/session/e67f645a-7551-46f7-b4f8-a532cf5e9d5a/screenshot[39m
[35m[HTTP][39m [90m{}[39m
[35m[HTTP][39m [37m<-- GET /wd/hub/session/e67f645a-7551-46f7-b4f8-a532cf5e9d5a/screenshot [39m[32m200[39m [90m1149 ms - 130724[39m
[35m[HTTP][39m [90m[39m
[35m[HTTP][39m [37m-->[39m [37mPOST[39m [37m/wd/hub/session/e67f645a-7551-46f7-b4f8-a532cf5e9d5a/elements[39m
[35m[HTTP][39m [90m{"using":"xpath","value":"//*[@class = 'android.view.View' and @instance = '6' and (@text = 'Continue' or . = 'Continue') and @resource-id = '']"}[39m
[35m[HTTP][39m [37m<-- POST /wd/hub/session/e67f645a-7551-46f7-b4f8-a532cf5e9d5a/elements [39m[32m200[39m [90m117 ms - 69[39m
[35m[HTTP][39m [90m[39m
[35m[HTTP][39m [37m-->[39m [37mGET[39m [37m/wd/hub/session/e67f645a-7551-46f7-b4f8-a532cf5e9d5a/window/rect[39m
[35m[HTTP][39m [90m{}[39m
[35m[HTTP][39m [37m<-- GET /wd/hub/session/e67f645a-7551-46f7-b4f8-a532cf5e9d5a/window/rect [39m[32m200[39m [90m13 ms - 49[39m
[35m[HTTP][39m [90m[39m
[35m[HTTP][39m [37m-->[39m [37mPOST[39m [37m/wd/hub/session/e67f645a-7551-46f7-b4f8-a532cf5e9d5a/elements[39m
[35m[HTTP][39m [90m{"using":"xpath","value":"//*[@class = 'android.view.View' and @instance = '6' and (@text = 'Continue' or . = 'Continue') and @resource-id = '']"}[39m
[35m[HTTP][39m [37m<-- POST /wd/hub/session/e67f645a-7551-46f7-b4f8-a532cf5e9d5a/elements [39m[32m200[39m [90m91 ms - 69[39m
[35m[HTTP][39m [90m[39m
[35m[HTTP][39m [37m-->[39m [37mGET[39m [37m/wd/hub/session/e67f645a-7551-46f7-b4f8-a532cf5e9d5a/element/6/location[39m
[35m[HTTP][39m [90m{}[39m
[35m[HTTP][39m [37m<-- GET /wd/hub/session/e67f645a-7551-46f7-b4f8-a532cf5e9d5a/element/6/location [39m[32m200[39m [90m13 ms - 26[39m
[35m[HTTP][39m [90m[39m
[35m[HTTP][39m [37m-->[39m [37mPOST[39m [37m/wd/hub/session/e67f645a-7551-46f7-b4f8-a532cf5e9d5a/touch/perform[39m
[35m[HTTP][39m [90m{"actions":[{"action":"tap","options":{"x":1,"y":1,"element":"6"}}]}[39m
[35m[HTTP][39m [37m<-- POST /wd/hub/session/e67f645a-7551-46f7-b4f8-a532cf5e9d5a/touch/perform [39m[32m200[39m [90m179 ms - 14[39m
[35m[HTTP][39m [90m[39m
[35m[HTTP][39m [37m-->[39m [37mGET[39m [37m/wd/hub/session/e67f645a-7551-46f7-b4f8-a532cf5e9d5a/source[39m
[35m[HTTP][39m [90m{}[39m
[35m[HTTP][39m [37m<-- GET /wd/hub/session/e67f645a-7551-46f7-b4f8-a532cf5e9d5a/source [39m[32m200[39m [90m80 ms - 6387[39m
[35m[HTTP][39m [90m[39m
[35m[HTTP][39m [37m-->[39m [37mGET[39m [37m/wd/hub/session/e67f645a-7551-46f7-b4f8-a532cf5e9d5a/screenshot[39m
[35m[HTTP][39m [90m{}[39m
[35m[HTTP][39m [37m<-- GET /wd/hub/session/e67f645a-7551-46f7-b4f8-a532cf5e9d5a/screenshot [39m[32m200[39m [90m1127 ms - 72928[39m
[35m[HTTP][39m [90m[39m
[35m[HTTP][39m [37m-->[39m [37mPOST[39m [37m/wd/hub/session/e67f645a-7551-46f7-b4f8-a532cf5e9d5a/elements[39m
[35m[HTTP][39m [90m{"using":"xpath","value":"//*[@class = 'android.view.View' and @instance = '6' and (@text = 'Continue' or . = 'Continue') and @resource-id = '']"}[39m
[35m[HTTP][39m [37m<-- POST /wd/hub/session/e67f645a-7551-46f7-b4f8-a532cf5e9d5a/elements [39m[32m200[39m [90m108 ms - 69[39m
[35m[HTTP][39m [90m[39m
[35m[HTTP][39m [37m-->[39m [37mGET[39m [37m/wd/hub/session/e67f645a-7551-46f7-b4f8-a532cf5e9d5a/window/rect[39m
[35m[HTTP][39m [90m{}[39m
[35m[HTTP][39m [37m<-- GET /wd/hub/session/e67f645a-7551-46f7-b4f8-a532cf5e9d5a/window/rect [39m[32m200[39m [90m14 ms - 49[39m
[35m[HTTP][39m [90m[39m
[35m[HTTP][39m [37m-->[39m [37mPOST[39m [37m/wd/hub/session/e67f645a-7551-46f7-b4f8-a532cf5e9d5a/elements[39m
[35m[HTTP][39m [90m{"using":"xpath","value":"//*[@class = 'android.view.View' and @instance = '6' and (@text = 'Continue' or . = 'Continue') and @resource-id = '']"}[39m
[35m[HTTP][39m [37m<-- POST /wd/hub/session/e67f645a-7551-46f7-b4f8-a532cf5e9d5a/elements [39m[32m200[39m [90m94 ms - 69[39m
[35m[HTTP][39m [90m[39m
[35m[HTTP][39m [37m-->[39m [37mGET[39m [37m/wd/hub/session/e67f645a-7551-46f7-b4f8-a532cf5e9d5a/element/8/location[39m
[35m[HTTP][39m [90m{}[39m
[35m[HTTP][39m [37m<-- GET /wd/hub/session/e67f645a-7551-46f7-b4f8-a532cf5e9d5a/element/8/location [39m[32m200[39m [90m21 ms - 26[39m
[35m[HTTP][39m [90m[39m
[35m[HTTP][39m [37m-->[39m [37mPOST[39m [37m/wd/hub/session/e67f645a-7551-46f7-b4f8-a532cf5e9d5a/touch/perform[39m
[35m[HTTP][39m [90m{"actions":[{"action":"longPress","options":{"element":"8"}},{"action":"release","options":{}}]}[39m
[35m[HTTP][39m [37m<-- POST /wd/hub/session/e67f645a-7551-46f7-b4f8-a532cf5e9d5a/touch/perform [39m[32m200[39m [90m1082 ms - 14[39m
[35m[HTTP][39m [90m[39m
[35m[HTTP][39m [37m-->[39m [37mGET[39m [37m/wd/hub/session/e67f645a-7551-46f7-b4f8-a532cf5e9d5a/source[39m
[35m[HTTP][39m [90m{}[39m
[35m[HTTP][39m [37m<-- GET /wd/hub/session/e67f645a-7551-46f7-b4f8-a532cf5e9d5a/source [39m[32m200[39m [90m63 ms - 6387[39m
[35m[HTTP][39m [90m[39m
[35m[HTTP][39m [37m-->[39m [37mGET[39m [37m/wd/hub/session/e67f645a-7551-46f7-b4f8-a532cf5e9d5a/screenshot[39m
[35m[HTTP][39m [90m{}[39m
[35m[HTTP][39m [37m<-- GET /wd/hub/session/e67f645a-7551-46f7-b4f8-a532cf5e9d5a/screenshot [39m[32m200[39m [90m1158 ms - 73756[39m
[35m[HTTP][39m [90m[39m
[35m[HTTP][39m [37m-->[39m [37mGET[39m [37m/wd/hub/session/e67f645a-7551-46f7-b4f8-a532cf5e9d5a/context[39m
[35m[HTTP][39m [90m{}[39m
[35m[HTTP][39m [37m<-- GET /wd/hub/session/e67f645a-7551-46f7-b4f8-a532cf5e9d5a/context [39m[32m200[39m [90m3 ms - 22[39m
[35m[HTTP][39m [90m[39m
[35m[HTTP][39m [37m-->[39m [37mGET[39m [37m/wd/hub/session/e67f645a-7551-46f7-b4f8-a532cf5e9d5a/contexts[39m
[35m[HTTP][39m [90m{}[39m
[35m[AndroidDriver][39m Not collecting web view details. Details collection might help to make Chromedriver initialization more precise. Use the 'enableWebviewDetailsCollection' cap to turn it on
[35m[AndroidDriver][39m Skipping the webview 'WEBVIEW_chrome' at '@chrome_devtools_remote' since it has reported having zero pages
[35m[HTTP][39m [37m<-- GET /wd/hub/session/e67f645a-7551-46f7-b4f8-a532cf5e9d5a/contexts [39m[32m200[39m [90m234 ms - 24[39m
[35m[HTTP][39m [90m[39m
[35m[HTTP][39m [37m-->[39m [37mPOST[39m [37m/wd/hub/session/e67f645a-7551-46f7-b4f8-a532cf5e9d5a/context[39m
[35m[HTTP][39m [90m{"name":"NATIVE_APP"}[39m
[35m[HTTP][39m [37m<-- POST /wd/hub/session/e67f645a-7551-46f7-b4f8-a532cf5e9d5a/context [39m[32m200[39m [90m2 ms - 14[39m
[35m[HTTP][39m [90m[39m
[35m[HTTP][39m [37m-->[39m [37mPOST[39m [37m/wd/hub/session/e67f645a-7551-46f7-b4f8-a532cf5e9d5a/orientation[39m
[35m[HTTP][39m [90m{"orientation":"LANDSCAPE"}[39m
[35m[HTTP][39m [37m<-- POST /wd/hub/session/e67f645a-7551-46f7-b4f8-a532cf5e9d5a/orientation [39m[32m200[39m [90m48 ms - 44[39m
[35m[HTTP][39m [90m[39m
[35m[HTTP][39m [37m-->[39m [37mPOST[39m [37m/wd/hub/session/e67f645a-7551-46f7-b4f8-a532cf5e9d5a/context[39m
[35m[HTTP][39m [90m{"name":"NATIVE_APP"}[39m
[35m[HTTP][39m [37m<-- POST /wd/hub/session/e67f645a-7551-46f7-b4f8-a532cf5e9d5a/context [39m[32m200[39m [90m1 ms - 14[39m
[35m[HTTP][39m [90m[39m
[35m[HTTP][39m [37m-->[39m [37mGET[39m [37m/wd/hub/session/e67f645a-7551-46f7-b4f8-a532cf5e9d5a/source[39m
[35m[HTTP][39m [90m{}[39m
[35m[HTTP][39m [37m<-- GET /wd/hub/session/e67f645a-7551-46f7-b4f8-a532cf5e9d5a/source [39m[32m200[39m [90m41 ms - 6396[39m
[35m[HTTP][39m [90m[39m
[35m[HTTP][39m [37m-->[39m [37mGET[39m [37m/wd/hub/session/e67f645a-7551-46f7-b4f8-a532cf5e9d5a/screenshot[39m
[35m[HTTP][39m [90m{}[39m
[35m[HTTP][39m [37m<-- GET /wd/hub/session/e67f645a-7551-46f7-b4f8-a532cf5e9d5a/screenshot [39m[32m200[39m [90m1100 ms - 148068[39m
[35m[HTTP][39m [90m[39m
[35m[HTTP][39m [37m-->[39m [37mGET[39m [37m/wd/hub/session/e67f645a-7551-46f7-b4f8-a532cf5e9d5a/context[39m
[35m[HTTP][39m [90m{}[39m
[35m[HTTP][39m [37m<-- GET /wd/hub/session/e67f645a-7551-46f7-b4f8-a532cf5e9d5a/context [39m[32m200[39m [90m2 ms - 22[39m
[35m[HTTP][39m [90m[39m
[35m[HTTP][39m [37m-->[39m [37mGET[39m [37m/wd/hub/session/e67f645a-7551-46f7-b4f8-a532cf5e9d5a/contexts[39m
[35m[HTTP][39m [90m{}[39m
[35m[AndroidDriver][39m Not collecting web view details. Details collection might help to make Chromedriver initialization more precise. Use the 'enableWebviewDetailsCollection' cap to turn it on
[35m[AndroidDriver][39m Skipping the webview 'WEBVIEW_chrome' at '@chrome_devtools_remote' since it has reported having zero pages
[35m[HTTP][39m [37m<-- GET /wd/hub/session/e67f645a-7551-46f7-b4f8-a532cf5e9d5a/contexts [39m[32m200[39m [90m226 ms - 24[39m
[35m[HTTP][39m [90m[39m
[35m[HTTP][39m [37m-->[39m [37mPOST[39m [37m/wd/hub/session/e67f645a-7551-46f7-b4f8-a532cf5e9d5a/context[39m
[35m[HTTP][39m [90m{"name":"NATIVE_APP"}[39m
[35m[HTTP][39m [37m<-- POST /wd/hub/session/e67f645a-7551-46f7-b4f8-a532cf5e9d5a/context [39m[32m200[39m [90m1 ms - 14[39m
[35m[HTTP][39m [90m[39m
[35m[HTTP][39m [37m-->[39m [37mPOST[39m [37m/wd/hub/session/e67f645a-7551-46f7-b4f8-a532cf5e9d5a/orientation[39m
[35m[HTTP][39m [90m{"orientation":"PORTRAIT"}[39m
[35m[HTTP][39m [37m<-- POST /wd/hub/session/e67f645a-7551-46f7-b4f8-a532cf5e9d5a/orientation [39m[32m200[39m [90m60 ms - 43[39m
[35m[HTTP][39m [90m[39m
[35m[HTTP][39m [37m-->[39m [37mPOST[39m [37m/wd/hub/session/e67f645a-7551-46f7-b4f8-a532cf5e9d5a/context[39m
[35m[HTTP][39m [90m{"name":"NATIVE_APP"}[39m
[35m[HTTP][39m [37m<-- POST /wd/hub/session/e67f645a-7551-46f7-b4f8-a532cf5e9d5a/context [39m[32m200[39m [90m2 ms - 14[39m
[35m[HTTP][39m [90m[39m
[35m[HTTP][39m [37m-->[39m [37mGET[39m [37m/wd/hub/session/e67f645a-7551-46f7-b4f8-a532cf5e9d5a/source[39m
[35m[HTTP][39m [90m{}[39m
[35m[HTTP][39m [37m<-- GET /wd/hub/session/e67f645a-7551-46f7-b4f8-a532cf5e9d5a/source [39m[32m200[39m [90m35 ms - 6387[39m
[35m[HTTP][39m [90m[39m
[35m[HTTP][39m [37m-->[39m [37mGET[39m [37m/wd/hub/session/e67f645a-7551-46f7-b4f8-a532cf5e9d5a/screenshot[39m
[35m[HTTP][39m [90m{}[39m
[35m[HTTP][39m [37m<-- GET /wd/hub/session/e67f645a-7551-46f7-b4f8-a532cf5e9d5a/screenshot [39m[32m200[39m [90m1060 ms - 74192[39m
[35m[HTTP][39m [90m[39m
[35m[HTTP][39m [37m-->[39m [37mPOST[39m [37m/wd/hub/session/e67f645a-7551-46f7-b4f8-a532cf5e9d5a/elements[39m
[35m[HTTP][39m [90m{"using":"xpath","value":"//*[@class = 'android.widget.EditText' and @instance = '0' and (@text = 'https://csvdemomockappp.bundlewallet.com/invoice/parse' or . = 'https://csvdemomockappp.bundlewallet.com/invoice/parse') and @resource-id = '']"}[39m
[35m[HTTP][39m [37m<-- POST /wd/hub/session/e67f645a-7551-46f7-b4f8-a532cf5e9d5a/elements [39m[32m200[39m [90m95 ms - 69[39m
[35m[HTTP][39m [90m[39m
[35m[HTTP][39m [37m-->[39m [37mGET[39m [37m/wd/hub/session/e67f645a-7551-46f7-b4f8-a532cf5e9d5a/window/rect[39m
[35m[HTTP][39m [90m{}[39m
[35m[HTTP][39m [37m<-- GET /wd/hub/session/e67f645a-7551-46f7-b4f8-a532cf5e9d5a/window/rect [39m[32m200[39m [90m18 ms - 49[39m
[35m[HTTP][39m [90m[39m
[35m[HTTP][39m [37m-->[39m [37mPOST[39m [37m/wd/hub/session/e67f645a-7551-46f7-b4f8-a532cf5e9d5a/elements[39m
[35m[HTTP][39m [90m{"using":"xpath","value":"//*[@class = 'android.widget.EditText' and @instance = '0' and (@text = 'https://csvdemomockappp.bundlewallet.com/invoice/parse' or . = 'https://csvdemomockappp.bundlewallet.com/invoice/parse') and @resource-id = '']"}[39m
[35m[HTTP][39m [37m<-- POST /wd/hub/session/e67f645a-7551-46f7-b4f8-a532cf5e9d5a/elements [39m[32m200[39m [90m79 ms - 71[39m
[35m[HTTP][39m [90m[39m
[35m[HTTP][39m [37m-->[39m [37mGET[39m [37m/wd/hub/session/e67f645a-7551-46f7-b4f8-a532cf5e9d5a/element/10/location[39m
[35m[HTTP][39m [90m{}[39m
[35m[HTTP][39m [37m<-- GET /wd/hub/session/e67f645a-7551-46f7-b4f8-a532cf5e9d5a/element/10/location [39m[32m200[39m [90m16 ms - 26[39m
[35m[HTTP][39m [90m[39m
[35m[HTTP][39m [37m-->[39m [37mPOST[39m [37m/wd/hub/session/e67f645a-7551-46f7-b4f8-a532cf5e9d5a/touch/perform[39m
[35m[HTTP][39m [90m{"actions":[{"action":"tap","options":{"x":1,"y":1,"element":"10"}}]}[39m
[35m[HTTP][39m [37m<-- POST /wd/hub/session/e67f645a-7551-46f7-b4f8-a532cf5e9d5a/touch/perform [39m[32m200[39m [90m160 ms - 14[39m
[35m[HTTP][39m [90m[39m
[35m[HTTP][39m [37m-->[39m [37mGET[39m [37m/wd/hub/session/e67f645a-7551-46f7-b4f8-a532cf5e9d5a/source[39m
[35m[HTTP][39m [90m{}[39m
[35m[HTTP][39m [37m<-- GET /wd/hub/session/e67f645a-7551-46f7-b4f8-a532cf5e9d5a/source [39m[32m200[39m [90m73 ms - 6387[39m
[35m[HTTP][39m [90m[39m
[35m[HTTP][39m [37m-->[39m [37mGET[39m [37m/wd/hub/session/e67f645a-7551-46f7-b4f8-a532cf5e9d5a/screenshot[39m
[35m[HTTP][39m [90m{}[39m
[35m[HTTP][39m [37m<-- GET /wd/hub/session/e67f645a-7551-46f7-b4f8-a532cf5e9d5a/screenshot [39m[32m200[39m [90m959 ms - 121328[39m
[35m[HTTP][39m [90m[39m
[35m[HTTP][39m [37m-->[39m [37mGET[39m [37m/wd/hub/session/e67f645a-7551-46f7-b4f8-a532cf5e9d5a/context[39m
[35m[HTTP][39m [90m{}[39m
[35m[HTTP][39m [37m<-- GET /wd/hub/session/e67f645a-7551-46f7-b4f8-a532cf5e9d5a/context [39m[32m200[39m [90m3 ms - 22[39m
[35m[HTTP][39m [90m[39m
[35m[HTTP][39m [37m-->[39m [37mGET[39m [37m/wd/hub/session/e67f645a-7551-46f7-b4f8-a532cf5e9d5a/contexts[39m
[35m[HTTP][39m [90m{}[39m
[35m[AndroidDriver][39m Not collecting web view details. Details collection might help to make Chromedriver initialization more precise. Use the 'enableWebviewDetailsCollection' cap to turn it on
[35m[AndroidDriver][39m Skipping the webview 'WEBVIEW_chrome' at '@chrome_devtools_remote' since it has reported having zero pages
[35m[HTTP][39m [37m<-- GET /wd/hub/session/e67f645a-7551-46f7-b4f8-a532cf5e9d5a/contexts [39m[32m200[39m [90m197 ms - 24[39m
[35m[HTTP][39m [90m[39m
[35m[HTTP][39m [37m-->[39m [37mPOST[39m [37m/wd/hub/session/e67f645a-7551-46f7-b4f8-a532cf5e9d5a/context[39m
[35m[HTTP][39m [90m{"name":"NATIVE_APP"}[39m
[35m[HTTP][39m [37m<-- POST /wd/hub/session/e67f645a-7551-46f7-b4f8-a532cf5e9d5a/context [39m[32m200[39m [90m1 ms - 14[39m
[35m[HTTP][39m [90m[39m
[35m[HTTP][39m [37m-->[39m [37mPOST[39m [37m/wd/hub/session/e67f645a-7551-46f7-b4f8-a532cf5e9d5a/appium/device/hide_keyboard[39m
[35m[HTTP][39m [90m{}[39m
[35m[HTTP][39m [37m<-- POST /wd/hub/session/e67f645a-7551-46f7-b4f8-a532cf5e9d5a/appium/device/hide_keyboard [39m[32m200[39m [90m3666 ms - 14[39m
[35m[HTTP][39m [90m[39m
[35m[HTTP][39m [37m-->[39m [37mPOST[39m [37m/wd/hub/session/e67f645a-7551-46f7-b4f8-a532cf5e9d5a/context[39m
[35m[HTTP][39m [90m{"name":"NATIVE_APP"}[39m
[35m[HTTP][39m [37m<-- POST /wd/hub/session/e67f645a-7551-46f7-b4f8-a532cf5e9d5a/context [39m[32m200[39m [90m2 ms - 14[39m
[35m[HTTP][39m [90m[39m
[35m[HTTP][39m [37m-->[39m [37mGET[39m [37m/wd/hub/session/e67f645a-7551-46f7-b4f8-a532cf5e9d5a/source[39m
[35m[HTTP][39m [90m{}[39m
[35m[HTTP][39m [37m<-- GET /wd/hub/session/e67f645a-7551-46f7-b4f8-a532cf5e9d5a/source [39m[32m200[39m [90m67 ms - 6387[39m
[35m[HTTP][39m [90m[39m
[35m[HTTP][39m [37m-->[39m [37mGET[39m [37m/wd/hub/session/e67f645a-7551-46f7-b4f8-a532cf5e9d5a/screenshot[39m
[35m[HTTP][39m [90m{}[39m
[35m[HTTP][39m [37m<-- GET /wd/hub/session/e67f645a-7551-46f7-b4f8-a532cf5e9d5a/screenshot [39m[32m200[39m [90m1116 ms - 75072[39m
[35m[HTTP][39m [90m[39m
[35m[HTTP][39m [37m-->[39m [37mGET[39m [37m/wd/hub/session/e67f645a-7551-46f7-b4f8-a532cf5e9d5a/context[39m
[35m[HTTP][39m [90m{}[39m
[35m[HTTP][39m [37m<-- GET /wd/hub/session/e67f645a-7551-46f7-b4f8-a532cf5e9d5a/context [39m[32m200[39m [90m2 ms - 22[39m
[35m[HTTP][39m [90m[39m
[35m[HTTP][39m [37m-->[39m [37mGET[39m [37m/wd/hub/session/e67f645a-7551-46f7-b4f8-a532cf5e9d5a/contexts[39m
[35m[HTTP][39m [90m{}[39m
[35m[AndroidDriver][39m Not collecting web view details. Details collection might help to make Chromedriver initialization more precise. Use the 'enableWebviewDetailsCollection' cap to turn it on
[35m[AndroidDriver][39m Skipping the webview 'WEBVIEW_chrome' at '@chrome_devtools_remote' since it has reported having zero pages
[35m[HTTP][39m [37m<-- GET /wd/hub/session/e67f645a-7551-46f7-b4f8-a532cf5e9d5a/contexts [39m[32m200[39m [90m185 ms - 24[39m
[35m[HTTP][39m [90m[39m
[35m[HTTP][39m [37m-->[39m [37mPOST[39m [37m/wd/hub/session/e67f645a-7551-46f7-b4f8-a532cf5e9d5a/context[39m
[35m[HTTP][39m [90m{"name":"NATIVE_APP"}[39m
[35m[HTTP][39m [37m<-- POST /wd/hub/session/e67f645a-7551-46f7-b4f8-a532cf5e9d5a/context [39m[32m200[39m [90m2 ms - 14[39m
[35m[HTTP][39m [90m[39m
[35m[HTTP][39m [37m-->[39m [37mPOST[39m [37m/wd/hub/session/e67f645a-7551-46f7-b4f8-a532cf5e9d5a/appium/device/press_keycode[39m
[35m[HTTP][39m [90m{"keycode":4}[39m
[35m[HTTP][39m [37m<-- POST /wd/hub/session/e67f645a-7551-46f7-b4f8-a532cf5e9d5a/appium/device/press_keycode [39m[32m200[39m [90m49 ms - 14[39m
[35m[HTTP][39m [90m[39m
[35m[HTTP][39m [37m-->[39m [37mPOST[39m [37m/wd/hub/session/e67f645a-7551-46f7-b4f8-a532cf5e9d5a/context[39m
[35m[HTTP][39m [90m{"name":"NATIVE_APP"}[39m
[35m[HTTP][39m [37m<-- POST /wd/hub/session/e67f645a-7551-46f7-b4f8-a532cf5e9d5a/context [39m[32m200[39m [90m2 ms - 14[39m
[35m[HTTP][39m [90m[39m
[35m[HTTP][39m [37m-->[39m [37mGET[39m [37m/wd/hub/session/e67f645a-7551-46f7-b4f8-a532cf5e9d5a/source[39m
[35m[HTTP][39m [90m{}[39m
[35m[HTTP][39m [37m<-- GET /wd/hub/session/e67f645a-7551-46f7-b4f8-a532cf5e9d5a/source [39m[32m200[39m [90m152 ms - 24791[39m
[35m[HTTP][39m [90m[39m
[35m[HTTP][39m [37m-->[39m [37mGET[39m [37m/wd/hub/session/e67f645a-7551-46f7-b4f8-a532cf5e9d5a/screenshot[39m
[35m[HTTP][39m [90m{}[39m
[35m[HTTP][39m [37m<-- GET /wd/hub/session/e67f645a-7551-46f7-b4f8-a532cf5e9d5a/screenshot [39m[32m200[39m [90m2393 ms - 1492676[39m
[35m[HTTP][39m [90m[39m
[35m[HTTP][39m [37m-->[39m [37mDELETE[39m [37m/wd/hub/session/e67f645a-7551-46f7-b4f8-a532cf5e9d5a[39m
[35m[HTTP][39m [90m{}[39m
[35m[Appium][39m Removing session e67f645a-7551-46f7-b4f8-a532cf5e9d5a from our master session list
[35m[ADB][39m No 'uiautomator' process has been found
[35m[HTTP][39m [37m<-- DELETE /wd/hub/session/e67f645a-7551-46f7-b4f8-a532cf5e9d5a [39m[32m200[39m [90m1474 ms - 14[39m
[35m[HTTP][39m [90m[39m
